Build started 8/3/2024 10:11:48 PM.
     1>Project "D:\download\THKTLT\chuong_1\chuong_1\Bai_11\Bai_11\Bai_11.vcxproj" on node 2 (Build target(s)).
     1>ClCompile:
         D:\download\visual studio 2013\VC\bin\CL.exe /c /ZI /nologo /W3 /WX- /Od /Oy- /D WIN32 /D _DEBUG /D _CONSOLE /D _LIB /D _UNICODE /D UNICODE /Gm /EHsc /RTC1 /MDd /GS /fp:precise /Zc:wchar_t /Zc:forScope /Fo"Debug\\" /Fd"Debug\vc120.pdb" /Gd /TP /analyze- /errorReport:prompt Chuong_1_Bai_11_BTVN.cpp
         Chuong_1_Bai_11_BTVN.cpp
     1>d:\download\thktlt\chuong_1\chuong_1\bai_11\bai_11\chuong_1_bai_11_btvn.cpp(91): warning C4996: 'scanf': This function or variable may be unsafe. Consider using scanf_s instead. To disable deprecation, use _CRT_SECURE_NO_WARNINGS. See online help for details.
                 d:\download\visual studio 2013\vc\include\stdio.h(283) : see declaration of 'scanf'
     1>d:\download\thktlt\chuong_1\chuong_1\bai_11\bai_11\chuong_1_bai_11_btvn.cpp(99): warning C4996: 'scanf': This function or variable may be unsafe. Consider using scanf_s instead. To disable deprecation, use _CRT_SECURE_NO_WARNINGS. See online help for details.
                 d:\download\visual studio 2013\vc\include\stdio.h(283) : see declaration of 'scanf'
     1>d:\download\thktlt\chuong_1\chuong_1\bai_11\bai_11\chuong_1_bai_11_btvn.cpp(111): warning C4996: 'scanf': This function or variable may be unsafe. Consider using scanf_s instead. To disable deprecation, use _CRT_SECURE_NO_WARNINGS. See online help for details.
                 d:\download\visual studio 2013\vc\include\stdio.h(283) : see declaration of 'scanf'
     1>d:\download\thktlt\chuong_1\chuong_1\bai_11\bai_11\chuong_1_bai_11_btvn.cpp(119): warning C4996: 'scanf': This function or variable may be unsafe. Consider using scanf_s instead. To disable deprecation, use _CRT_SECURE_NO_WARNINGS. See online help for details.
                 d:\download\visual studio 2013\vc\include\stdio.h(283) : see declaration of 'scanf'
     1>d:\download\thktlt\chuong_1\chuong_1\bai_11\bai_11\chuong_1_bai_11_btvn.cpp(129): warning C4996: 'scanf': This function or variable may be unsafe. Consider using scanf_s instead. To disable deprecation, use _CRT_SECURE_NO_WARNINGS. See online help for details.
                 d:\download\visual studio 2013\vc\include\stdio.h(283) : see declaration of 'scanf'
     1>d:\download\thktlt\chuong_1\chuong_1\bai_11\bai_11\chuong_1_bai_11_btvn.cpp(131): warning C4996: 'scanf': This function or variable may be unsafe. Consider using scanf_s instead. To disable deprecation, use _CRT_SECURE_NO_WARNINGS. See online help for details.
                 d:\download\visual studio 2013\vc\include\stdio.h(283) : see declaration of 'scanf'
       Link:
         D:\download\visual studio 2013\VC\bin\link.exe /ERRORREPORT:PROMPT /OUT:"D:\download\THKTLT\chuong_1\chuong_1\Bai_11\Debug\Bai_11.exe" /INCREMENTAL /NOLOGO kernel32.lib user32.lib gdi32.lib winspool.lib comdlg32.lib advapi32.lib shell32.lib ole32.lib oleaut32.lib uuid.lib odbc32.lib odbccp32.lib /MANIFEST /MANIFESTUAC:"level='asInvoker' uiAccess='false'" /manifest:embed /DEBUG /PDB:"D:\download\THKTLT\chuong_1\chuong_1\Bai_11\Debug\Bai_11.pdb" /SUBSYSTEM:CONSOLE /TLBID:1 /DYNAMICBASE /NXCOMPAT /IMPLIB:"D:\download\THKTLT\chuong_1\chuong_1\Bai_11\Debug\Bai_11.lib" /MACHINE:X86 Debug\Chuong_1_Bai_11_BTVN.obj
         Bai_11.vcxproj -> D:\download\THKTLT\chuong_1\chuong_1\Bai_11\Debug\Bai_11.exe
     1>Done Building Project "D:\download\THKTLT\chuong_1\chuong_1\Bai_11\Bai_11\Bai_11.vcxproj" (Build target(s)).

Build succeeded.

Time Elapsed 00:00:00.75
